[debug] [2023-12-31T11:44:18.675Z] ----------------------------------------------------------------------
[debug] [2023-12-31T11:44:18.677Z] Command:       C:\Program Files\nodejs\node.exe C:\Users\Amila Kasun\AppData\Roaming\npm\node_modules\firebase-tools\lib\bin\firebase.js init
[debug] [2023-12-31T11:44:18.677Z] CLI Version:   13.0.2
[debug] [2023-12-31T11:44:18.678Z] Platform:      win32
[debug] [2023-12-31T11:44:18.678Z] Node Version:  v18.16.1
[debug] [2023-12-31T11:44:18.679Z] Time:          Sun Dec 31 2023 17:14:18 GMT+0530 (India Standard Time)
[debug] [2023-12-31T11:44:18.679Z] ----------------------------------------------------------------------
[debug] 
[debug] [2023-12-31T11:44:18.685Z] >>> [apiv2][query] GET https://firebase-public.firebaseio.com/cli.json [none]
[debug] [2023-12-31T11:44:18.729Z] > command requires scopes: ["email","openid","https://www.googleapis.com/auth/cloudplatformprojects.readonly","https://www.googleapis.com/auth/firebase","https://www.googleapis.com/auth/cloud-platform"]
[debug] [2023-12-31T11:44:18.729Z] > authorizing via signed-in user (amilakasun2000@gmail.com)
[info] 
     ######## #### ########  ######## ########     ###     ######  ########
     ##        ##  ##     ## ##       ##     ##  ##   ##  ##       ##
     ######    ##  ########  ######   ########  #########  ######  ######
     ##        ##  ##    ##  ##       ##     ## ##     ##       ## ##
     ##       #### ##     ## ######## ########  ##     ##  ######  ########

You're about to initialize a Firebase project in this directory:

  C:\Users\Amila Kasun\Desktop\Edu\UOM\courses\GPA_CAL\gpa_cal

[debug] [2023-12-31T11:44:19.367Z] <<< [apiv2][status] GET https://firebase-public.firebaseio.com/cli.json 200
[debug] [2023-12-31T11:44:19.367Z] <<< [apiv2][body] GET https://firebase-public.firebaseio.com/cli.json {"cloudBuildErrorAfter":1594252800000,"cloudBuildWarnAfter":1590019200000,"defaultNode10After":1594252800000,"minVersion":"3.0.5","node8DeploysDisabledAfter":1613390400000,"node8RuntimeDisabledAfter":1615809600000,"node8WarnAfter":1600128000000}
[info] 
=== Project Setup
[info] 
[info] First, let's associate this project directory with a Firebase project.
[info] You can create multiple project aliases by running firebase use --add, 
[info] but for now we'll just set up a default project.
[info] 
[debug] [2023-12-31T11:45:45.421Z] > refreshing access token with scopes: []
[debug] [2023-12-31T11:45:45.423Z] >>> [apiv2][query] POST https://www.googleapis.com/oauth2/v3/token [none]
[debug] [2023-12-31T11:45:45.423Z] >>> [apiv2][body] POST https://www.googleapis.com/oauth2/v3/token [omitted]
[debug] [2023-12-31T11:45:45.641Z] <<< [apiv2][status] POST https://www.googleapis.com/oauth2/v3/token 200
[debug] [2023-12-31T11:45:45.641Z] <<< [apiv2][body] POST https://www.googleapis.com/oauth2/v3/token [omitted]
[debug] [2023-12-31T11:45:45.668Z] >>> [apiv2][query] GET https://firebase.googleapis.com/v1beta1/projects pageSize=100
[debug] [2023-12-31T11:45:46.617Z] <<< [apiv2][status] GET https://firebase.googleapis.com/v1beta1/projects 200
[debug] [2023-12-31T11:45:46.618Z] <<< [apiv2][body] GET https://firebase.googleapis.com/v1beta1/projects [omitted]
[debug] [2023-12-31T11:47:06.330Z] ----------------------------------------------------------------------
[debug] [2023-12-31T11:47:06.332Z] Command:       C:\Program Files\nodejs\node.exe C:\Users\Amila Kasun\AppData\Roaming\npm\node_modules\firebase-tools\lib\bin\firebase.js init
[debug] [2023-12-31T11:47:06.332Z] CLI Version:   13.0.2
[debug] [2023-12-31T11:47:06.332Z] Platform:      win32
[debug] [2023-12-31T11:47:06.332Z] Node Version:  v18.16.1
[debug] [2023-12-31T11:47:06.333Z] Time:          Sun Dec 31 2023 17:17:06 GMT+0530 (India Standard Time)
[debug] [2023-12-31T11:47:06.333Z] ----------------------------------------------------------------------
[debug] 
[debug] [2023-12-31T11:47:06.340Z] > command requires scopes: ["email","openid","https://www.googleapis.com/auth/cloudplatformprojects.readonly","https://www.googleapis.com/auth/firebase","https://www.googleapis.com/auth/cloud-platform"]
[debug] [2023-12-31T11:47:06.340Z] > authorizing via signed-in user (amilakasun2000@gmail.com)
[info] 
     ######## #### ########  ######## ########     ###     ######  ########
     ##        ##  ##     ## ##       ##     ##  ##   ##  ##       ##
     ######    ##  ########  ######   ########  #########  ######  ######
     ##        ##  ##    ##  ##       ##     ## ##     ##       ## ##
     ##       #### ##     ## ######## ########  ##     ##  ######  ########

You're about to initialize a Firebase project in this directory:

  C:\Users\Amila Kasun\Desktop\Edu\UOM\courses\GPA_CAL\gpa_cal

[info] 
=== Project Setup
[info] 
[info] First, let's associate this project directory with a Firebase project.
[info] You can create multiple project aliases by running firebase use --add, 
[info] but for now we'll just set up a default project.
[info] 
[debug] [2023-12-31T11:47:16.575Z] >>> [apiv2][query] GET https://firebase.googleapis.com/v1beta1/projects pageSize=100
[debug] [2023-12-31T11:47:17.282Z] <<< [apiv2][status] GET https://firebase.googleapis.com/v1beta1/projects 200
[debug] [2023-12-31T11:47:17.282Z] <<< [apiv2][body] GET https://firebase.googleapis.com/v1beta1/projects [omitted]
[debug] [2023-12-31T11:48:15.061Z] ----------------------------------------------------------------------
[debug] [2023-12-31T11:48:15.062Z] Command:       C:\Program Files\nodejs\node.exe C:\Users\Amila Kasun\AppData\Roaming\npm\node_modules\firebase-tools\lib\bin\firebase.js init
[debug] [2023-12-31T11:48:15.062Z] CLI Version:   13.0.2
[debug] [2023-12-31T11:48:15.063Z] Platform:      win32
[debug] [2023-12-31T11:48:15.063Z] Node Version:  v18.16.1
[debug] [2023-12-31T11:48:15.064Z] Time:          Sun Dec 31 2023 17:18:15 GMT+0530 (India Standard Time)
[debug] [2023-12-31T11:48:15.064Z] ----------------------------------------------------------------------
[debug] 
[debug] [2023-12-31T11:48:15.070Z] > command requires scopes: ["email","openid","https://www.googleapis.com/auth/cloudplatformprojects.readonly","https://www.googleapis.com/auth/firebase","https://www.googleapis.com/auth/cloud-platform"]
[debug] [2023-12-31T11:48:15.071Z] > authorizing via signed-in user (amilakasun2000@gmail.com)
[info] 
     ######## #### ########  ######## ########     ###     ######  ########
     ##        ##  ##     ## ##       ##     ##  ##   ##  ##       ##
     ######    ##  ########  ######   ########  #########  ######  ######
     ##        ##  ##    ##  ##       ##     ## ##     ##       ## ##
     ##       #### ##     ## ######## ########  ##     ##  ######  ########

You're about to initialize a Firebase project in this directory:

  C:\Users\Amila Kasun\Desktop\Edu\UOM\courses\GPA_CAL\gpa_cal

[info] 
=== Project Setup
[info] 
[info] First, let's associate this project directory with a Firebase project.
[info] You can create multiple project aliases by running firebase use --add, 
[info] but for now we'll just set up a default project.
[info] 
[debug] [2023-12-31T11:48:23.104Z] >>> [apiv2][query] GET https://firebase.googleapis.com/v1beta1/projects pageSize=100
[debug] [2023-12-31T11:48:24.062Z] <<< [apiv2][status] GET https://firebase.googleapis.com/v1beta1/projects 200
[debug] [2023-12-31T11:48:24.063Z] <<< [apiv2][body] GET https://firebase.googleapis.com/v1beta1/projects [omitted]
